<?xml version="1.0" encoding="UTF-8"?>
<testsuite name="com.example.ff4jredissample.Ff4jRedisSampleApplicationTests" tests="1" skipped="0" failures="0" errors="0" timestamp="2021-01-28T03:08:17" hostname="DESKTOP-43AVNNM" time="0.521">
  <properties/>
  <testcase name="contextLoads()" classname="com.example.ff4jredissample.Ff4jRedisSampleApplicationTests" time="0.521"/>
  <system-out><![CDATA[00:08:09.723 [Test worker] DEBUG org.springframework.test.context.BootstrapUtils - Instantiating CacheAwareContextLoaderDelegate from class [org.springframework.test.context.cache.DefaultCacheAwareContextLoaderDelegate]
00:08:09.738 [Test worker] DEBUG org.springframework.test.context.BootstrapUtils - Instantiating BootstrapContext using constructor [public org.springframework.test.context.support.DefaultBootstrapContext(java.lang.Class,org.springframework.test.context.CacheAwareContextLoaderDelegate)]
00:08:09.793 [Test worker] DEBUG org.springframework.test.context.BootstrapUtils - Instantiating TestContextBootstrapper for test class [com.example.ff4jredissample.Ff4jRedisSampleApplicationTests] from class [org.springframework.boot.test.context.SpringBootTestContextBootstrapper]
00:08:09.811 [Test worker] INFO org.springframework.boot.test.context.SpringBootTestContextBootstrapper - Neither @ContextConfiguration nor @ContextHierarchy found for test class [com.example.ff4jredissample.Ff4jRedisSampleApplicationTests], using SpringBootContextLoader
00:08:09.816 [Test worker] DEBUG org.springframework.test.context.support.AbstractContextLoader - Did not detect default resource location for test class [com.example.ff4jredissample.Ff4jRedisSampleApplicationTests]: class path resource [com/example/ff4jredissample/Ff4jRedisSampleApplicationTests-context.xml] does not exist
00:08:09.817 [Test worker] DEBUG org.springframework.test.context.support.AbstractContextLoader - Did not detect default resource location for test class [com.example.ff4jredissample.Ff4jRedisSampleApplicationTests]: class path resource [com/example/ff4jredissample/Ff4jRedisSampleApplicationTestsContext.groovy] does not exist
00:08:09.818 [Test worker] INFO org.springframework.test.context.support.AbstractContextLoader - Could not detect default resource locations for test class [com.example.ff4jredissample.Ff4jRedisSampleApplicationTests]: no resource found for suffixes {-context.xml, Context.groovy}.
00:08:09.819 [Test worker] INFO org.springframework.test.context.support.AnnotationConfigContextLoaderUtils - Could not detect default configuration classes for test class [com.example.ff4jredissample.Ff4jRedisSampleApplicationTests]: Ff4jRedisSampleApplicationTests does not declare any static, non-private, non-final, nested classes annotated with @Configuration.
00:08:09.885 [Test worker] DEBUG org.springframework.test.context.support.ActiveProfilesUtils - Could not find an 'annotation declaring class' for annotation type [org.springframework.test.context.ActiveProfiles] and class [com.example.ff4jredissample.Ff4jRedisSampleApplicationTests]
00:08:09.979 [Test worker] DEBUG org.springframework.context.annotation.ClassPathScanningCandidateComponentProvider - Identified candidate component class: file [C:\DESENV\Sistema\ff4j-redis-sample\build\classes\kotlin\main\com\example\ff4jredissample\Ff4jRedisSampleApplication.class]
00:08:09.982 [Test worker] INFO org.springframework.boot.test.context.SpringBootTestContextBootstrapper - Found @SpringBootConfiguration com.example.ff4jredissample.Ff4jRedisSampleApplication for test class com.example.ff4jredissample.Ff4jRedisSampleApplicationTests
00:08:10.202 [Test worker] DEBUG org.springframework.boot.test.context.SpringBootTestContextBootstrapper - @TestExecutionListeners is not present for class [com.example.ff4jredissample.Ff4jRedisSampleApplicationTests]: using defaults.
00:08:10.206 [Test worker] INFO org.springframework.boot.test.context.SpringBootTestContextBootstrapper - Loaded default TestExecutionListener class names from location [META-INF/spring.factories]: [org.springframework.boot.test.autoconfigure.restdocs.RestDocsTestExecutionListener, org.springframework.boot.test.autoconfigure.web.client.MockRestServiceServerResetTestExecutionListener, org.springframework.boot.test.autoconfigure.web.servlet.MockMvcPrintOnlyOnFailureTestExecutionListener, org.springframework.boot.test.autoconfigure.web.servlet.WebDriverTestExecutionListener, org.springframework.boot.test.autoconfigure.webservices.client.MockWebServiceServerTestExecutionListener, org.springframework.boot.test.mock.mockito.MockitoTestExecutionListener, org.springframework.boot.test.mock.mockito.ResetMocksTestExecutionListener, org.springframework.test.context.web.ServletTestExecutionListener, org.springframework.test.context.support.DirtiesContextBeforeModesTestExecutionListener, org.springframework.test.context.event.ApplicationEventsTestExecutionListener, org.springframework.test.context.support.DependencyInjectionTestExecutionListener, org.springframework.test.context.support.DirtiesContextTestExecutionListener, org.springframework.test.context.transaction.TransactionalTestExecutionListener, org.springframework.test.context.jdbc.SqlScriptsTestExecutionListener, org.springframework.test.context.event.EventPublishingTestExecutionListener]
00:08:10.236 [Test worker] DEBUG org.springframework.boot.test.context.SpringBootTestContextBootstrapper - Skipping candidate TestExecutionListener [org.springframework.test.context.transaction.TransactionalTestExecutionListener] due to a missing dependency. Specify custom listener classes or make the default listener classes and their required dependencies available. Offending class: [org/springframework/transaction/interceptor/TransactionAttributeSource]
00:08:10.237 [Test worker] DEBUG org.springframework.boot.test.context.SpringBootTestContextBootstrapper - Skipping candidate TestExecutionListener [org.springframework.test.context.jdbc.SqlScriptsTestExecutionListener] due to a missing dependency. Specify custom listener classes or make the default listener classes and their required dependencies available. Offending class: [org/springframework/transaction/interceptor/TransactionAttribute]
00:08:10.238 [Test worker] INFO org.springframework.boot.test.context.SpringBootTestContextBootstrapper - Using TestExecutionListeners: [org.springframework.test.context.web.ServletTestExecutionListener@5bde123a, org.springframework.test.context.support.DirtiesContextBeforeModesTestExecutionListener@28ccf261, org.springframework.test.context.event.ApplicationEventsTestExecutionListener@327e1dfe, org.springframework.boot.test.mock.mockito.MockitoTestExecutionListener@124e3f05, org.springframework.boot.test.autoconfigure.SpringBootDependencyInjectionTestExecutionListener@39aaa0b4, org.springframework.test.context.support.DirtiesContextTestExecutionListener@76ba021a, org.springframework.test.context.event.EventPublishingTestExecutionListener@34e970de, org.springframework.boot.test.autoconfigure.restdocs.RestDocsTestExecutionListener@57bcc751, org.springframework.boot.test.autoconfigure.web.client.MockRestServiceServerResetTestExecutionListener@3b7f6212, org.springframework.boot.test.autoconfigure.web.servlet.MockMvcPrintOnlyOnFailureTestExecutionListener@1d731db5, org.springframework.boot.test.autoconfigure.web.servlet.WebDriverTestExecutionListener@62e3e145, org.springframework.boot.test.autoconfigure.webservices.client.MockWebServiceServerTestExecutionListener@53d42407, org.springframework.boot.test.mock.mockito.ResetMocksTestExecutionListener@137ba39d]
00:08:10.253 [Test worker] DEBUG org.springframework.test.context.support.AbstractDirtiesContextTestExecutionListener - Before test class: context [DefaultTestContext@c7faf04 testClass = Ff4jRedisSampleApplicationTests, testInstance = [null], testMethod = [null], testException = [null], mergedContextConfiguration = [WebMergedContextConfiguration@aff2e77 testClass = Ff4jRedisSampleApplicationTests, locations = '{}', classes = '{class com.example.ff4jredissample.Ff4jRedisSampleApplication}', contextInitializerClasses = '[]', activeProfiles = '{}', propertySourceLocations = '{}', propertySourceProperties = '{org.springframework.boot.test.context.SpringBootTestContextBootstrapper=true}', contextCustomizers = set[org.springframework.boot.test.autoconfigure.actuate.metrics.MetricsExportContextCustomizerFactory$DisableMetricExportContextCustomizer@2c15ecb7, org.springframework.boot.test.autoconfigure.properties.PropertyMappingContextCustomizer@0, org.springframework.boot.test.autoconfigure.web.servlet.WebDriverContextCustomizerFactory$Customizer@100b7b37, org.springframework.boot.test.context.filter.ExcludeFilterContextCustomizer@777596f3, org.springframework.boot.test.json.DuplicateJsonObjectContextCustomizerFactory$DuplicateJsonObjectContextCustomizer@1a86ea3d, org.springframework.boot.test.mock.mockito.MockitoContextCustomizer@0, org.springframework.boot.test.web.client.TestRestTemplateContextCustomizer@6b5e3e0b, org.springframework.boot.test.context.SpringBootTestArgs@1, org.springframework.boot.test.context.SpringBootTestWebEnvironment@70db9d14], resourceBasePath = 'src/main/webapp', contextLoader = 'org.springframework.boot.test.context.SpringBootContextLoader', parent = [null]], attributes = map['org.springframework.test.context.web.ServletTestExecutionListener.activateListener' -> true]], class annotated with @DirtiesContext [false] with mode [null].
00:08:10.353 [Test worker] DEBUG org.springframework.test.context.support.TestPropertySourceUtils - Adding inlined properties to environment: {spring.jmx.enabled=false, org.springframework.boot.test.context.SpringBootTestContextBootstrapper=true}

 ============================================================================================

  ______ ______ _  _   _        _____            _                    ____              _
 |  ____|  ____| || | (_)      / ____|          (_)                  |  _ \            | |
 | |__  | |__  | || |_ _ _____| (___  _ __  _ __ _ _ __   __ _ ______| |_) | ___   ___ | |_
 |  __| |  __| |__   _| |______\___ \| '_ \| '__| | '_ \ / _` |______|  _ < / _ \ / _ \| __|
 | |    | |       | | | |      ____) | |_) | |  | | | | | (_| |      | |_) | (_) | (_) | |_
 |_|    |_|       |_| | |     |_____/| .__/|_|  |_|_| |_|\__, |      |____/ \___/ \___/ \__|
                     _/ |            | |                  __/ |
                    |__/             |_|                 |___/

=============================================================================================
Spring boot version:  (v2.4.2)
FF4J version: 1.8.11
=============================================================================================

2021-01-28 00:08:10.843  INFO 19180 --- [    Test worker] c.e.f.Ff4jRedisSampleApplicationTests    : Starting Ff4jRedisSampleApplicationTests using Java 11.0.5 on DESKTOP-43AVNNM with PID 19180 (started by Gustavo in C:\DESENV\Sistema\ff4j-redis-sample)
2021-01-28 00:08:10.846  INFO 19180 --- [    Test worker] c.e.f.Ff4jRedisSampleApplicationTests    : No active profile set, falling back to default profiles: default
2021-01-28 00:08:13.424  INFO 19180 --- [    Test worker] trationDelegate$BeanPostProcessorChecker : Bean 'redisConfig' of type [com.example.ff4jredissample.config.RedisConfig$$EnhancerBySpringCGLIB$$617a532c] is not eligible for getting processed by all BeanPostProcessors (for example: not eligible for auto-proxying)
2021-01-28 00:08:13.429  INFO 19180 --- [    Test worker] trationDelegate$BeanPostProcessorChecker : Bean 'FF4jConfig' of type [com.example.ff4jredissample.config.FF4jConfig$$EnhancerBySpringCGLIB$$9baef8df] is not eligible for getting processed by all BeanPostProcessors (for example: not eligible for auto-proxying)
2021-01-28 00:08:13.464  INFO 19180 --- [    Test worker] trationDelegate$BeanPostProcessorChecker : Bean 'redisConnection' of type [org.ff4j.redis.RedisConnection] is not eligible for getting processed by all BeanPostProcessors (for example: not eligible for auto-proxying)
2021-01-28 00:08:13.473  INFO 19180 --- [    Test worker] trationDelegate$BeanPostProcessorChecker : Bean 'getFF4j' of type [org.ff4j.FF4j] is not eligible for getting processed by all BeanPostProcessors (for example: not eligible for auto-proxying)
2021-01-28 00:08:15.222  INFO 19180 --- [    Test worker] o.s.s.web.DefaultSecurityFilterChain     : Will secure any request with [org.springframework.security.web.context.request.async.WebAsyncManagerIntegrationFilter@62cabd6, org.springframework.security.web.context.SecurityContextPersistenceFilter@563a3ceb, org.springframework.security.web.header.HeaderWriterFilter@28e9d447, org.springframework.security.web.authentication.logout.LogoutFilter@24070f2e, org.springframework.security.web.authentication.www.BasicAuthenticationFilter@b23b4fa, org.springframework.security.web.savedrequest.RequestCacheAwareFilter@2d1aec21, org.springframework.security.web.servletapi.SecurityContextHolderAwareRequestFilter@1b290f24, org.springframework.security.web.authentication.AnonymousAuthenticationFilter@55a377b4, org.springframework.security.web.session.SessionManagementFilter@5fbb858d, org.springframework.security.web.access.ExceptionTranslationFilter@4344a62b, org.springframework.security.web.access.intercept.FilterSecurityInterceptor@37b62bde]
2021-01-28 00:08:15.797  INFO 19180 --- [    Test worker] o.s.s.concurrent.ThreadPoolTaskExecutor  : Initializing ExecutorService 'applicationTaskExecutor'
2021-01-28 00:08:16.973  INFO 19180 --- [    Test worker] c.e.f.Ff4jRedisSampleApplicationTests    : Started Ff4jRedisSampleApplicationTests in 6.606 seconds (JVM running for 8.917)
]]></system-out>
  <system-err><![CDATA[]]></system-err>
</testsuite>
